<?xml version="1.0" encoding="UTF-8"?>
<!-- Generated by org.testng.reporters.JUnitReportReporter -->
<testsuite hostname="INDELSAUKUMA" failures="0" tests="1" name="tests.headerliks.ProductsTest" time="3.670" errors="0" timestamp="2024-01-02T18:54:15 IST" skipped="0">
  <testcase classname="tests.headerliks.ProductsTest" name="doLogin" time="3.670"/>
  <system-out/>
</testsuite> <!-- tests.headerliks.ProductsTest -->
