<?xml version="1.0" encoding="UTF-8"?>
<!-- Generated by org.testng.reporters.JUnitReportReporter -->
<testsuite hostname="INDELSAUKUMA" failures="0" tests="4" name="tests.LoginPageTest" time="5.016" errors="0" timestamp="2024-01-03T15:19:28 IST" skipped="0">
  <testcase classname="tests.LoginPageTest" name="loginPageNavigationTest" time="0.397"/>
  <system-out/>
  <testcase classname="tests.LoginPageTest" name="appLoginTest" time="4.501"/>
  <system-out/>
  <testcase classname="tests.LoginPageTest" name="loggedInPageTitleTest" time="0.095"/>
  <system-out/>
  <testcase classname="tests.LoginPageTest" name="UserProfileVisiblTest" time="0.023"/>
  <system-out/>
</testsuite> <!-- tests.LoginPageTest -->
