<?xml version="1.0" encoding="UTF-8"?>
<!-- Generated by org.testng.reporters.JUnitReportReporter -->
<testsuite hostname="INDELSAUKUMA" failures="0" tests="2" name="tests.HomePageTest" time="0.025" errors="0" timestamp="2024-01-08T17:12:20 IST" skipped="0">
  <testcase classname="tests.HomePageTest" name="homePageTitleTest" time="0.011"/>
  <system-out/>
  <testcase classname="tests.HomePageTest" name="homeLogoTest" time="0.014"/>
  <system-out/>
</testsuite> <!-- tests.HomePageTest -->
