<?xml version="1.0" encoding="UTF-8"?>
<!-- Generated by org.testng.reporters.JUnitReportReporter -->
<testsuite hostname="INDELSAUKUMA" failures="0" tests="1" name="tests.SearchProductTest2" time="17.955" errors="0" timestamp="2023-12-26T14:59:54 IST" skipped="0">
  <testcase classname="tests.SearchProductTest2" name="LoginTest" time="17.955"/>
  <system-out/>
</testsuite> <!-- tests.SearchProductTest2 -->
