<?xml version="1.0" encoding="UTF-8"?>
<!-- Generated by org.testng.reporters.JUnitReportReporter -->
<testsuite hostname="INDELSAUKUMA" failures="0" tests="13" name="tests.FooterPageTest" time="0.000" errors="0" timestamp="2024-01-08T16:48:36 IST" skipped="13">
  <testcase classname="tests.FooterPageTest" name="isFooterAvailable" time="0.000">
    <skipped/>
  </testcase> <!-- isFooterAvailable -->
  <system-out/>
  <testcase classname="tests.FooterPageTest" name="isMakeAnAppointmentAvailable" time="0.000">
    <skipped/>
  </testcase> <!-- isMakeAnAppointmentAvailable -->
  <system-out/>
  <testcase classname="tests.FooterPageTest" name="isTandCVisible" time="0.000">
    <skipped/>
  </testcase> <!-- isTandCVisible -->
  <system-out/>
  <testcase classname="tests.FooterPageTest" name="isPrivacyAndCookiesVisible" time="0.000">
    <skipped/>
  </testcase> <!-- isPrivacyAndCookiesVisible -->
  <system-out/>
  <testcase classname="tests.FooterPageTest" name="isSecurityVisible" time="0.000">
    <skipped/>
  </testcase> <!-- isSecurityVisible -->
  <system-out/>
  <testcase classname="tests.FooterPageTest" name="isContactVisible" time="0.000">
    <skipped/>
  </testcase> <!-- isContactVisible -->
  <system-out/>
  <testcase classname="tests.FooterPageTest" name="isVacanciesVisible" time="0.000">
    <skipped/>
  </testcase> <!-- isVacanciesVisible -->
  <system-out/>
  <testcase classname="tests.FooterPageTest" name="clickAndSubmitMakeAnAppointmentAvailable" time="0.000">
    <skipped/>
  </testcase> <!-- clickAndSubmitMakeAnAppointmentAvailable -->
  <system-out/>
  <testcase classname="tests.FooterPageTest" name="clickPrivacyAndCookies" time="0.000">
    <skipped/>
  </testcase> <!-- clickPrivacyAndCookies -->
  <system-out/>
  <testcase classname="tests.FooterPageTest" name="clickTAndC" time="0.000">
    <skipped/>
  </testcase> <!-- clickTAndC -->
  <system-out/>
  <testcase classname="tests.FooterPageTest" name="clickContact" time="0.000">
    <skipped/>
  </testcase> <!-- clickContact -->
  <system-out/>
  <testcase classname="tests.FooterPageTest" name="clickSecurity" time="0.000">
    <skipped/>
  </testcase> <!-- clickSecurity -->
  <system-out/>
  <testcase classname="tests.FooterPageTest" name="clickVACATURES" time="0.000">
    <skipped/>
  </testcase> <!-- clickVACATURES -->
  <system-out/>
</testsuite> <!-- tests.FooterPageTest -->
