<?xml version="1.0" encoding="UTF-8"?>
<!-- Generated by org.testng.reporters.JUnitReportReporter -->
<testsuite hostname="INDELSAUKUMA" failures="0" tests="4" name="tests.LoginPageTest" time="8.068" errors="0" timestamp="2024-01-08T17:13:04 IST" skipped="0">
  <testcase classname="tests.LoginPageTest" name="loginPageNavigationTest" time="0.735"/>
  <system-out/>
  <testcase classname="tests.LoginPageTest" name="appLoginTest" time="7.258"/>
  <system-out/>
  <testcase classname="tests.LoginPageTest" name="loggedInPageTitleTest" time="0.018"/>
  <system-out/>
  <testcase classname="tests.LoginPageTest" name="UserProfileVisiblTest" time="0.057"/>
  <system-out/>
</testsuite> <!-- tests.LoginPageTest -->
