<?xml version="1.0" encoding="UTF-8"?>
<!-- Generated by org.testng.reporters.JUnitReportReporter -->
<testsuite hostname="INDELSAUKUMA" failures="0" tests="3" name="tests.SearchProductTest" time="0.000" errors="0" timestamp="2024-01-08T16:48:36 IST" skipped="3">
  <testcase classname="tests.SearchProductTest" name="LoginTest" time="0.000">
    <skipped/>
  </testcase> <!-- LoginTest -->
  <system-out/>
  <testcase classname="tests.SearchProductTest" name="doSearch" time="0.000">
    <skipped/>
  </testcase> <!-- doSearch -->
  <system-out/>
  <testcase classname="tests.SearchProductTest" name="searchPageUrlText" time="0.000">
    <skipped/>
  </testcase> <!-- searchPageUrlText -->
  <system-out/>
</testsuite> <!-- tests.SearchProductTest -->
