<?xml version="1.0" encoding="UTF-8"?>
<!-- Generated by org.testng.reporters.JUnitReportReporter -->
<testsuite hostname="INDELSAUKUMA" failures="0" tests="1" name="tests.SearchProductTest3" time="18.097" errors="0" timestamp="2023-12-26T15:01:03 IST" skipped="0">
  <testcase classname="tests.SearchProductTest3" name="LoginTest" time="18.097"/>
  <system-out/>
</testsuite> <!-- tests.SearchProductTest3 -->
