<?xml version="1.0" encoding="UTF-8"?>
<!-- Generated by org.testng.reporters.JUnitReportReporter -->
<testsuite hostname="INDELSAUKUMA" failures="0" tests="4" name="tests.LoginPageTest" time="5.094" errors="0" timestamp="2024-01-10T11:20:30 IST" skipped="0">
  <testcase classname="tests.LoginPageTest" name="loginPageNavigationTest" time="0.397"/>
  <system-out/>
  <testcase classname="tests.LoginPageTest" name="appLoginTest" time="4.686"/>
  <system-out/>
  <testcase classname="tests.LoginPageTest" name="loggedInPageTitleTest" time="0.006"/>
  <system-out/>
  <testcase classname="tests.LoginPageTest" name="UserProfileVisiblTest" time="0.005"/>
  <system-out/>
</testsuite> <!-- tests.LoginPageTest -->
