<?xml version="1.0" encoding="UTF-8"?>
<!-- Generated by org.testng.reporters.JUnitReportReporter -->
<testsuite hostname="INDELSAUKUMA" failures="0" tests="13" name="tests.FooterPageTest" time="20.085" errors="0" timestamp="2024-01-02T14:34:17 IST" skipped="0">
  <testcase classname="tests.FooterPageTest" name="isFooterAvailable" time="0.009"/>
  <system-out/>
  <testcase classname="tests.FooterPageTest" name="isMakeAnAppointmentAvailable" time="0.005"/>
  <system-out/>
  <testcase classname="tests.FooterPageTest" name="isTandCVisible" time="0.005"/>
  <system-out/>
  <testcase classname="tests.FooterPageTest" name="isPrivacyAndCookiesVisible" time="0.003"/>
  <system-out/>
  <testcase classname="tests.FooterPageTest" name="isSecurityVisible" time="0.003"/>
  <system-out/>
  <testcase classname="tests.FooterPageTest" name="isContactVisible" time="0.004"/>
  <system-out/>
  <testcase classname="tests.FooterPageTest" name="isVacanciesVisible" time="0.003"/>
  <system-out/>
  <testcase classname="tests.FooterPageTest" name="clickAndSubmitMakeAnAppointmentAvailable" time="0.591"/>
  <system-out/>
  <testcase classname="tests.FooterPageTest" name="clickPrivacyAndCookies" time="0.680"/>
  <system-out/>
  <testcase classname="tests.FooterPageTest" name="clickTAndC" time="0.646"/>
  <system-out/>
  <testcase classname="tests.FooterPageTest" name="clickContact" time="0.609"/>
  <system-out/>
  <testcase classname="tests.FooterPageTest" name="clickSecurity" time="0.703"/>
  <system-out/>
  <testcase classname="tests.FooterPageTest" name="clickVACATURES" time="16.824"/>
  <system-out/>
</testsuite> <!-- tests.FooterPageTest -->
