<?xml version="1.0" encoding="UTF-8"?>
<!-- Generated by org.testng.reporters.JUnitReportReporter -->
<testsuite hostname="INDELSAUKUMA" failures="0" tests="1" name="tests.PlaceOrderTest" time="9.602" errors="0" timestamp="2024-01-05T11:59:53 IST" skipped="0">
  <testcase classname="tests.PlaceOrderTest" name="doAddToCart" time="9.602"/>
  <system-out/>
</testsuite> <!-- tests.PlaceOrderTest -->
