<?xml version="1.0" encoding="UTF-8"?>
<!-- Generated by org.testng.reporters.JUnitReportReporter -->
<testsuite hostname="INDELSAUKUMA" failures="0" tests="12" name="tests.headerliks.ProductsNavTest" time="60.424" errors="0" timestamp="2024-01-04T13:43:42 IST" skipped="0">
  <testcase classname="tests.headerliks.ProductsNavTest" name="doLogin" time="7.896"/>
  <system-out/>
  <testcase classname="tests.headerliks.ProductsNavTest" name="clickBeerNav" time="4.629"/>
  <system-out/>
  <testcase classname="tests.headerliks.ProductsNavTest" name="clickWineNav" time="4.847"/>
  <system-out/>
  <testcase classname="tests.headerliks.ProductsNavTest" name="clickOnDistilledNav" time="7.659"/>
  <system-out/>
  <testcase classname="tests.headerliks.ProductsNavTest" name="clickOnMixedDrinkNav" time="4.436"/>
  <system-out/>
  <testcase classname="tests.headerliks.ProductsNavTest" name="clickOnSoftDrinkNav" time="4.524"/>
  <system-out/>
  <testcase classname="tests.headerliks.ProductsNavTest" name="clickOnFruitJuiceNav" time="3.834"/>
  <system-out/>
  <testcase classname="tests.headerliks.ProductsNavTest" name="clickOnSportsEnergyDrinksNav" time="4.495"/>
  <system-out/>
  <testcase classname="tests.headerliks.ProductsNavTest" name="clickOnWaterNav" time="4.470"/>
  <system-out/>
  <testcase classname="tests.headerliks.ProductsNavTest" name="clickOnDairyNav" time="4.629"/>
  <system-out/>
  <testcase classname="tests.headerliks.ProductsNavTest" name="clickOnSyrupNav" time="4.635"/>
  <system-out/>
  <testcase classname="tests.headerliks.ProductsNavTest" name="clickOnNonDrinksNav" time="4.370"/>
  <system-out/>
</testsuite> <!-- tests.headerliks.ProductsNavTest -->
