<?xml version="1.0" encoding="UTF-8"?>
<!-- Generated by org.testng.reporters.JUnitReportReporter -->
<testsuite hostname="INDELSAUKUMA" failures="0" tests="1" name="tests.HomePageTest" time="0.037" errors="0" timestamp="2024-01-05T13:02:17 IST" skipped="0">
  <testcase classname="tests.HomePageTest" name="homePageTitleTest" time="0.037"/>
  <system-out/>
</testsuite> <!-- tests.HomePageTest -->
