<?xml version="1.0" encoding="UTF-8"?>
<!-- Generated by org.testng.reporters.JUnitReportReporter -->
<testsuite hostname="INDELSAUKUMA" failures="0" tests="4" name="tests.LoginPageTest" time="0.000" errors="0" timestamp="2024-01-08T16:48:36 IST" skipped="4">
  <testcase classname="tests.LoginPageTest" name="loginPageNavigationTest" time="0.000">
    <skipped/>
  </testcase> <!-- loginPageNavigationTest -->
  <system-out/>
  <testcase classname="tests.LoginPageTest" name="appLoginTest" time="0.000">
    <skipped/>
  </testcase> <!-- appLoginTest -->
  <system-out/>
  <testcase classname="tests.LoginPageTest" name="loggedInPageTitleTest" time="0.000">
    <skipped/>
  </testcase> <!-- loggedInPageTitleTest -->
  <system-out/>
  <testcase classname="tests.LoginPageTest" name="UserProfileVisiblTest" time="0.000">
    <skipped/>
  </testcase> <!-- UserProfileVisiblTest -->
  <system-out/>
</testsuite> <!-- tests.LoginPageTest -->
