<?xml version="1.0" encoding="UTF-8"?>
<!-- Generated by org.testng.reporters.JUnitReportReporter -->
<testsuite hostname="INDELSAUKUMA" failures="0" tests="2" name="tests.HomePageTest" time="0.000" errors="0" timestamp="2024-01-08T16:48:36 IST" skipped="2">
  <testcase classname="tests.HomePageTest" name="homePageTitleTest" time="0.000">
    <skipped/>
  </testcase> <!-- homePageTitleTest -->
  <system-out/>
  <testcase classname="tests.HomePageTest" name="homeLogoTest" time="0.000">
    <skipped/>
  </testcase> <!-- homeLogoTest -->
  <system-out/>
</testsuite> <!-- tests.HomePageTest -->
