<?xml version="1.0" encoding="UTF-8"?>
<!-- Generated by org.testng.reporters.JUnitReportReporter -->
<testsuite hostname="INDELSAUKUMA" failures="0" tests="2" name="tests.HomePageTest" time="0.036" errors="0" timestamp="2024-01-04T13:39:30 IST" skipped="0">
  <testcase classname="tests.HomePageTest" name="homeLogoTest" time="0.024"/>
  <system-out/>
  <testcase classname="tests.HomePageTest" name="homePageTitleTest" time="0.012"/>
  <system-out/>
</testsuite> <!-- tests.HomePageTest -->
