<?xml version="1.0" encoding="UTF-8"?>
<!-- Generated by org.testng.reporters.JUnitReportReporter -->
<testsuite hostname="INDELSAUKUMA" failures="0" tests="2" name="tests.PlaceOrderTest" time="11.857" errors="0" timestamp="2024-01-10T13:00:58 IST" skipped="0">
  <testcase classname="tests.PlaceOrderTest" name="doAddToCart" time="7.550"/>
  <system-out/>
  <testcase classname="tests.PlaceOrderTest" name="placeOrder" time="4.307"/>
  <system-out/>
</testsuite> <!-- tests.PlaceOrderTest -->
