<?xml version="1.0" encoding="UTF-8"?>
<!-- Generated by org.testng.reporters.JUnitReportReporter -->
<testsuite hostname="INDELSAUKUMA" failures="0" tests="3" name="tests.SearchProductTest" time="2.580" errors="0" timestamp="2024-01-03T15:20:02 IST" skipped="0">
  <testcase classname="tests.SearchProductTest" name="LoginTest" time="0.129"/>
  <system-out/>
  <testcase classname="tests.SearchProductTest" name="doSearch" time="2.450"/>
  <system-out/>
  <testcase classname="tests.SearchProductTest" name="searchPageUrlText" time="0.001"/>
  <system-out/>
</testsuite> <!-- tests.SearchProductTest -->
