<?xml version="1.0" encoding="UTF-8"?>
<!-- Generated by org.testng.reporters.JUnitReportReporter -->
<testsuite hostname="INDELSAUKUMA" failures="0" tests="12" name="tests.headerliks.ProductsNavTest" time="57.772" errors="0" timestamp="2024-01-08T17:14:35 IST" skipped="0">
  <testcase classname="tests.headerliks.ProductsNavTest" name="doLogin" time="5.060"/>
  <system-out/>
  <testcase classname="tests.headerliks.ProductsNavTest" name="clickBeerNav" time="4.791"/>
  <system-out/>
  <testcase classname="tests.headerliks.ProductsNavTest" name="clickWineNav" time="5.279"/>
  <system-out/>
  <testcase classname="tests.headerliks.ProductsNavTest" name="clickOnDistilledNav" time="4.595"/>
  <system-out/>
  <testcase classname="tests.headerliks.ProductsNavTest" name="clickOnMixedDrinkNav" time="4.375"/>
  <system-out/>
  <testcase classname="tests.headerliks.ProductsNavTest" name="clickOnSoftDrinkNav" time="4.351"/>
  <system-out/>
  <testcase classname="tests.headerliks.ProductsNavTest" name="clickOnFruitJuiceNav" time="5.047"/>
  <system-out/>
  <testcase classname="tests.headerliks.ProductsNavTest" name="clickOnSportsEnergyDrinksNav" time="5.265"/>
  <system-out/>
  <testcase classname="tests.headerliks.ProductsNavTest" name="clickOnWaterNav" time="5.494"/>
  <system-out/>
  <testcase classname="tests.headerliks.ProductsNavTest" name="clickOnDairyNav" time="4.805"/>
  <system-out/>
  <testcase classname="tests.headerliks.ProductsNavTest" name="clickOnSyrupNav" time="4.635"/>
  <system-out/>
  <testcase classname="tests.headerliks.ProductsNavTest" name="clickOnNonDrinksNav" time="4.075"/>
  <system-out/>
</testsuite> <!-- tests.headerliks.ProductsNavTest -->
